<?xml version="1.0" encoding="UTF-8"?>
<!-- Generated by org.testng.reporters.JUnitXMLReporter -->
<testsuite hostname="DTAL14" name="Test" tests="15" failures="0" timestamp="17 Oct 2016 07:04:23 GMT" time="407.43" errors="0">
  <testcase name="enterBlankCredentials" time="2.252" classname="testCases.LandingPageParentSignUp"/>
  <testcase name="enterBlankUserEmail" time="1.825" classname="testCases.LandingPageParentSignUp"/>
  <testcase name="enterBlankUserPassword" time="1.912" classname="testCases.LandingPageParentSignUp"/>
  <testcase name="enterInvalidCredentials" time="1.967" classname="testCases.LandingPageParentSignUp"/>
  <testcase name="enterInvalidEmailFormatTypeOne" time="2.214" classname="testCases.LandingPageParentSignUp"/>
  <testcase name="enterInvalidEmailFormatTypeThree" time="2.004" classname="testCases.LandingPageParentSignUp"/>
  <testcase name="enterInvalidEmailFormatTypeTwo" time="2.115" classname="testCases.LandingPageParentSignUp"/>
  <testcase name="enterUserPassword_InvalidPasswordLength" time="1.936" classname="testCases.LandingPageParentSignUp"/>
  <testcase name="validSignUpTypeOne_usingSmallCharaters" time="5.284" classname="testCases.LandingPageParentSignUp"/>
  <testcase name="validSignUpTypeTwo_usingCapitalCharaters" time="4.586" classname="testCases.LandingPageParentSignUp"/>
  <testcase name="verifyAlreadySignUpUserEmailAccount" time="6.84" classname="testCases.LandingPageParentSignUp"/>
  <testcase name="verifyFacebookSignUp" time="3.743" classname="testCases.LandingPageParentSignUp"/>
  <testcase name="verifyGoogleSignUp" time="0.024" classname="testCases.LandingPageParentSignUp"/>
  <testcase name="verifyLinkPrivacyPolicy" time="3.565" classname="testCases.LandingPageParentSignUp"/>
  <testcase name="verifyLinkTerms" time="3.468" classname="testCases.LandingPageParentSignUp"/>
</testsuite> <!-- Test -->
