<?xml version="1.0" encoding="UTF-8"?>
<!-- Generated by org.testng.reporters.JUnitXMLReporter -->
<testsuite hostname="DTAL14" name="Test" tests="19" failures="0" timestamp="19 Oct 2016 12:50:30 GMT" time="535.646" errors="0">
  <testcase name="verifyCaseStudiesLink" time="13.787" classname="testCases.LandingPageTestCases"/>
  <testcase name="verifyCurriculumLink" time="1.808" classname="testCases.LandingPageTestCases"/>
  <testcase name="verifyFeatureAndPlanLink" time="0.999" classname="testCases.LandingPageTestCases"/>
  <testcase name="verifyFreeGrade1MathAppLink" time="6.443" classname="testCases.LandingPageTestCases"/>
  <testcase name="verifyFreeGrade2MathAppLink" time="30.534" classname="testCases.LandingPageTestCases"/>
  <testcase name="verifyFreeGrade3MathAppLink" time="18.401" classname="testCases.LandingPageTestCases"/>
  <testcase name="verifyFreeGrade4MathAppLink" time="7.67" classname="testCases.LandingPageTestCases"/>
  <testcase name="verifyFreeGrade5MathAppLink" time="70.684" classname="testCases.LandingPageTestCases"/>
  <testcase name="verifyFreeKindergartenMathAppLink" time="63.58" classname="testCases.LandingPageTestCases"/>
  <testcase name="verifyGrade1MathAppLink" time="17.781" classname="testCases.LandingPageTestCases"/>
  <testcase name="verifyGrade2MathAppLink" time="4.685" classname="testCases.LandingPageTestCases"/>
  <testcase name="verifyGrade3MathAppLink" time="20.354" classname="testCases.LandingPageTestCases"/>
  <testcase name="verifyGrade4MathAppLink" time="5.221" classname="testCases.LandingPageTestCases"/>
  <testcase name="verifyGrade5MathAppLink" time="7.774" classname="testCases.LandingPageTestCases"/>
  <testcase name="verifyKinderGartenMathAppLink" time="15.561" classname="testCases.LandingPageTestCases"/>
  <testcase name="verifyParentSignUpButton" time="1.527" classname="testCases.LandingPageTestCases"/>
  <testcase name="verifyPremiumSplashmathAppLink" time="6.625" classname="testCases.LandingPageTestCases"/>
  <testcase name="verifySignInLink" time="1.755" classname="testCases.LandingPageTestCases"/>
  <testcase name="verifyTeacherSignUpButton" time="3.151" classname="testCases.LandingPageTestCases"/>
</testsuite> <!-- Test -->
