<?xml version="1.0" encoding="UTF-8"?>
<testng-results skipped="0" failed="0" total="1" passed="1">
  <reporter-output>
  </reporter-output>
  <suite name="Suite" duration-ms="27475" started-at="2016-10-14T11:49:52Z" finished-at="2016-10-14T11:50:19Z">
    <groups>
    </groups>
    <test name="Test" duration-ms="27475" started-at="2016-10-14T11:49:52Z" finished-at="2016-10-14T11:50:19Z">
      <class name="testCases.LandingPageParentSignUp">
        <test-method status="PASS" signature="beforeSuite()[pri:0, instance:testCases.LandingPageParentSignUp@1f70c54]" name="beforeSuite" is-config="true" duration-ms="93" started-at="2016-10-14T17:19:52Z" finished-at="2016-10-14T17:19:52Z">
          <reporter-output>
          </reporter-output>
        </test-method> <!-- beforeSuite -->
        <test-method status="PASS" signature="openBrowser()[pri:0, instance:testCases.LandingPageParentSignUp@1f70c54]" name="openBrowser" is-config="true" duration-ms="20601" started-at="2016-10-14T17:19:52Z" finished-at="2016-10-14T17:20:13Z">
          <reporter-output>
          </reporter-output>
        </test-method> <!-- openBrowser -->
        <test-method status="PASS" signature="verifyLinkPrivacyPolicy()[pri:0, instance:testCases.LandingPageParentSignUp@1f70c54]" name="verifyLinkPrivacyPolicy" duration-ms="5195" started-at="2016-10-14T17:20:13Z" finished-at="2016-10-14T17:20:18Z">
          <reporter-output>
          </reporter-output>
        </test-method> <!-- verifyLinkPrivacyPolicy -->
        <test-method status="PASS" signature="closeBrowser()[pri:0, instance:testCases.LandingPageParentSignUp@1f70c54]" name="closeBrowser" is-config="true" duration-ms="1652" started-at="2016-10-14T17:20:18Z" finished-at="2016-10-14T17:20:19Z">
          <reporter-output>
          </reporter-output>
        </test-method> <!-- closeBrowser -->
        <test-method status="FAIL" signature="afterSuite()[pri:0, instance:testCases.LandingPageParentSignUp@1f70c54]" name="afterSuite" is-config="true" duration-ms="0" started-at="2016-10-14T17:20:20Z" finished-at="2016-10-14T17:20:20Z">
          <exception class="org.openqa.selenium.NoSuchSessionException">
            <message>
              <![CDATA[Session ID is null. Using WebDriver after calling quit()?
Build info: version: '3.0.0-beta4', revision: '3169782', time: '2016-09-29 10:29:23 -0700'
System info: host: 'DTAL14', ip: '192.168.1.66', os.name: 'Windows 7', os.arch: 'x86', os.version: '6.1', java.version: '1.8.0_102'
Driver info: driver.version: RemoteWebDriver]]>
            </message>
            <full-stacktrace>
              <![CDATA[org.openqa.selenium.NoSuchSessionException: Session ID is null. Using WebDriver after calling quit()?
Build info: version: '3.0.0-beta4', revision: '3169782', time: '2016-09-29 10:29:23 -0700'
System info: host: 'DTAL14', ip: '192.168.1.66', os.name: 'Windows 7', os.arch: 'x86', os.version: '6.1', java.version: '1.8.0_102'
Driver info: driver.version: RemoteWebDriver
	at org.openqa.selenium.remote.HttpCommandExecutor.execute(HttpCommandExecutor.java:130)
	at org.openqa.selenium.remote.service.DriverCommandExecutor.execute(DriverCommandExecutor.java:82)
	at org.openqa.selenium.remote.RemoteWebDriver.execute(RemoteWebDriver.java:602)
	at org.openqa.selenium.remote.RemoteWebDriver.get(RemoteWebDriver.java:323)
	at basic.Base.afterSuite(Base.java:64)
	at sun.reflect.NativeMethodAccessorImpl.invoke0(Native Method)
	at sun.reflect.NativeMethodAccessorImpl.invoke(Unknown Source)
	at sun.reflect.DelegatingMethodAccessorImpl.invoke(Unknown Source)
	at java.lang.reflect.Method.invoke(Unknown Source)
	at org.testng.internal.MethodInvocationHelper.invokeMethod(MethodInvocationHelper.java:85)
	at org.testng.internal.Invoker.invokeConfigurationMethod(Invoker.java:510)
	at org.testng.internal.Invoker.invokeConfigurations(Invoker.java:211)
	at org.testng.internal.Invoker.invokeConfigurations(Invoker.java:138)
	at org.testng.SuiteRunner.privateRun(SuiteRunner.java:329)
	at org.testng.SuiteRunner.run(SuiteRunner.java:261)
	at org.testng.SuiteRunnerWorker.runSuite(SuiteRunnerWorker.java:52)
	at org.testng.SuiteRunnerWorker.run(SuiteRunnerWorker.java:86)
	at org.testng.TestNG.runSuitesSequentially(TestNG.java:1215)
	at org.testng.TestNG.runSuitesLocally(TestNG.java:1140)
	at org.testng.TestNG.run(TestNG.java:1048)
	at org.testng.remote.AbstractRemoteTestNG.run(AbstractRemoteTestNG.java:132)
	at org.testng.remote.RemoteTestNG.initAndRun(RemoteTestNG.java:236)
	at org.testng.remote.RemoteTestNG.main(RemoteTestNG.java:81)
]]>
            </full-stacktrace>
          </exception> <!-- org.openqa.selenium.NoSuchSessionException -->
          <reporter-output>
          </reporter-output>
        </test-method> <!-- afterSuite -->
      </class> <!-- testCases.LandingPageParentSignUp -->
    </test> <!-- Test -->
  </suite> <!-- Suite -->
</testng-results>
