<?xml version="1.0" encoding="UTF-8"?>
<testng-results skipped="0" failed="0" total="1" passed="1">
  <reporter-output>
  </reporter-output>
  <suite name="Suite" duration-ms="26770" started-at="2016-11-16T11:20:16Z" finished-at="2016-11-16T11:20:43Z">
    <groups>
    </groups>
    <test name="Test" duration-ms="26770" started-at="2016-11-16T11:20:16Z" finished-at="2016-11-16T11:20:43Z">
      <class name="testCases.UserSignUpFlowType">
        <test-method status="PASS" signature="beforeSuite()[pri:0, instance:testCases.UserSignUpFlowType@1975490]" name="beforeSuite" is-config="true" duration-ms="70" started-at="2016-11-16T16:50:16Z" finished-at="2016-11-16T16:50:16Z">
          <reporter-output>
          </reporter-output>
        </test-method> <!-- beforeSuite -->
        <test-method status="PASS" signature="openBrowser()[pri:0, instance:testCases.UserSignUpFlowType@1975490]" name="openBrowser" is-config="true" duration-ms="13224" started-at="2016-11-16T16:50:16Z" finished-at="2016-11-16T16:50:30Z">
          <reporter-output>
          </reporter-output>
        </test-method> <!-- openBrowser -->
        <test-method status="PASS" signature="verifySignUpFlow()[pri:0, instance:testCases.UserSignUpFlowType@1975490]" name="verifySignUpFlow" duration-ms="13383" started-at="2016-11-16T16:50:30Z" finished-at="2016-11-16T16:50:43Z">
          <reporter-output>
          </reporter-output>
        </test-method> <!-- verifySignUpFlow -->
        <test-method status="PASS" signature="afterMethod(org.testng.ITestResult)[pri:0, instance:testCases.UserSignUpFlowType@1975490]" name="afterMethod" is-config="true" duration-ms="150" started-at="2016-11-16T16:50:43Z" finished-at="2016-11-16T16:50:43Z">
          <params>
            <param index="0">
              <value>
                <![CDATA[[TestResult name=verifySignUpFlow status=SUCCESS method=UserSignUpFlowType.verifySignUpFlow()[pri:0, instance:testCases.UserSignUpFlowType@1975490] output={null}]]]>
              </value>
            </param>
          </params>
          <reporter-output>
          </reporter-output>
        </test-method> <!-- afterMethod -->
        <test-method status="PASS" signature="afterSuite()[pri:0, instance:testCases.UserSignUpFlowType@1975490]" name="afterSuite" is-config="true" duration-ms="0" started-at="2016-11-16T16:50:43Z" finished-at="2016-11-16T16:50:43Z">
          <reporter-output>
          </reporter-output>
        </test-method> <!-- afterSuite -->
      </class> <!-- testCases.UserSignUpFlowType -->
    </test> <!-- Test -->
  </suite> <!-- Suite -->
</testng-results>
