<?xml version="1.0" encoding="UTF-8"?>
<testng-results skipped="0" failed="0" total="1" passed="1">
  <reporter-output>
  </reporter-output>
  <suite name="Suite" duration-ms="36452" started-at="2016-10-26T12:19:35Z" finished-at="2016-10-26T12:20:11Z">
    <groups>
    </groups>
    <test name="Test" duration-ms="36452" started-at="2016-10-26T12:19:35Z" finished-at="2016-10-26T12:20:11Z">
      <class name="testCases.UserSignUpFlowType">
        <test-method status="PASS" signature="beforeSuite()[pri:0, instance:testCases.UserSignUpFlowType@10f6bfd]" name="beforeSuite" is-config="true" duration-ms="68" started-at="2016-10-26T17:49:35Z" finished-at="2016-10-26T17:49:35Z">
          <reporter-output>
          </reporter-output>
        </test-method> <!-- beforeSuite -->
        <test-method status="PASS" signature="openBrowser()[pri:0, instance:testCases.UserSignUpFlowType@10f6bfd]" name="openBrowser" is-config="true" duration-ms="13816" started-at="2016-10-26T17:49:35Z" finished-at="2016-10-26T17:49:49Z">
          <reporter-output>
          </reporter-output>
        </test-method> <!-- openBrowser -->
        <test-method status="PASS" signature="verifySignUpFlow()[pri:0, instance:testCases.UserSignUpFlowType@10f6bfd]" name="verifySignUpFlow" duration-ms="22389" started-at="2016-10-26T17:49:49Z" finished-at="2016-10-26T17:50:11Z">
          <reporter-output>
          </reporter-output>
        </test-method> <!-- verifySignUpFlow -->
        <test-method status="PASS" signature="afterMethod(org.testng.ITestResult)[pri:0, instance:testCases.UserSignUpFlowType@10f6bfd]" name="afterMethod" is-config="true" duration-ms="226" started-at="2016-10-26T17:50:11Z" finished-at="2016-10-26T17:50:11Z">
          <params>
            <param index="0">
              <value>
                <![CDATA[[TestResult name=verifySignUpFlow status=SUCCESS method=UserSignUpFlowType.verifySignUpFlow()[pri:0, instance:testCases.UserSignUpFlowType@10f6bfd] output={null}]]]>
              </value>
            </param>
          </params>
          <reporter-output>
          </reporter-output>
        </test-method> <!-- afterMethod -->
        <test-method status="PASS" signature="afterSuite()[pri:0, instance:testCases.UserSignUpFlowType@10f6bfd]" name="afterSuite" is-config="true" duration-ms="0" started-at="2016-10-26T17:50:11Z" finished-at="2016-10-26T17:50:11Z">
          <reporter-output>
          </reporter-output>
        </test-method> <!-- afterSuite -->
      </class> <!-- testCases.UserSignUpFlowType -->
    </test> <!-- Test -->
  </suite> <!-- Suite -->
</testng-results>
