<?xml version="1.0" encoding="UTF-8"?>
<testng-results skipped="0" failed="0" total="1" passed="1">
  <reporter-output>
  </reporter-output>
  <suite name="Suite" duration-ms="18840" started-at="2016-10-21T10:33:59Z" finished-at="2016-10-21T10:34:18Z">
    <groups>
    </groups>
    <test name="Test" duration-ms="18840" started-at="2016-10-21T10:33:59Z" finished-at="2016-10-21T10:34:18Z">
      <class name="testCases.UserSignUpFlowType">
        <test-method status="PASS" signature="beforeSuite()[pri:0, instance:testCases.UserSignUpFlowType@10f6bfd]" name="beforeSuite" is-config="true" duration-ms="68" started-at="2016-10-21T16:03:59Z" finished-at="2016-10-21T16:03:59Z">
          <reporter-output>
          </reporter-output>
        </test-method> <!-- beforeSuite -->
        <test-method status="PASS" signature="openBrowser()[pri:0, instance:testCases.UserSignUpFlowType@10f6bfd]" name="openBrowser" is-config="true" duration-ms="9562" started-at="2016-10-21T16:03:59Z" finished-at="2016-10-21T16:04:09Z">
          <reporter-output>
          </reporter-output>
        </test-method> <!-- openBrowser -->
        <test-method status="PASS" signature="verifySignUpFlow()[pri:0, instance:testCases.UserSignUpFlowType@10f6bfd]" name="verifySignUpFlow" duration-ms="7154" started-at="2016-10-21T16:04:09Z" finished-at="2016-10-21T16:04:16Z">
          <reporter-output>
          </reporter-output>
        </test-method> <!-- verifySignUpFlow -->
        <test-method status="PASS" signature="afterMethod(org.testng.ITestResult)[pri:0, instance:testCases.UserSignUpFlowType@10f6bfd]" name="afterMethod" is-config="true" duration-ms="2110" started-at="2016-10-21T16:04:16Z" finished-at="2016-10-21T16:04:18Z">
          <params>
            <param index="0">
              <value>
                <![CDATA[[TestResult name=verifySignUpFlow status=SUCCESS method=UserSignUpFlowType.verifySignUpFlow()[pri:0, instance:testCases.UserSignUpFlowType@10f6bfd] output={null}]]]>
              </value>
            </param>
          </params>
          <reporter-output>
          </reporter-output>
        </test-method> <!-- afterMethod -->
        <test-method status="PASS" signature="afterSuite()[pri:0, instance:testCases.UserSignUpFlowType@10f6bfd]" name="afterSuite" is-config="true" duration-ms="1" started-at="2016-10-21T16:04:18Z" finished-at="2016-10-21T16:04:18Z">
          <reporter-output>
          </reporter-output>
        </test-method> <!-- afterSuite -->
      </class> <!-- testCases.UserSignUpFlowType -->
    </test> <!-- Test -->
  </suite> <!-- Suite -->
</testng-results>
