<?xml version="1.0" encoding="UTF-8"?>
<testng-results skipped="0" failed="0" total="19" passed="19">
  <reporter-output>
  </reporter-output>
  <suite name="Suite" duration-ms="535646" started-at="2016-10-19T12:41:34Z" finished-at="2016-10-19T12:50:30Z">
    <groups>
    </groups>
    <test name="Test" duration-ms="535646" started-at="2016-10-19T12:41:34Z" finished-at="2016-10-19T12:50:30Z">
      <class name="testCases.LandingPageTestCases">
        <test-method status="PASS" signature="beforeSuite()[pri:0, instance:testCases.LandingPageTestCases@167135c]" name="beforeSuite" is-config="true" duration-ms="78" started-at="2016-10-19T18:11:34Z" finished-at="2016-10-19T18:11:34Z">
          <reporter-output>
          </reporter-output>
        </test-method> <!-- beforeSuite -->
        <test-method status="PASS" signature="openBrowser()[pri:0, instance:testCases.LandingPageTestCases@167135c]" name="openBrowser" is-config="true" duration-ms="10955" started-at="2016-10-19T18:11:34Z" finished-at="2016-10-19T18:11:45Z">
          <reporter-output>
          </reporter-output>
        </test-method> <!-- openBrowser -->
        <test-method status="PASS" signature="verifyCaseStudiesLink()[pri:0, instance:testCases.LandingPageTestCases@167135c]" name="verifyCaseStudiesLink" duration-ms="13787" started-at="2016-10-19T18:11:45Z" finished-at="2016-10-19T18:11:59Z">
          <reporter-output>
          </reporter-output>
        </test-method> <!-- verifyCaseStudiesLink -->
        <test-method status="PASS" signature="afterMethod(org.testng.ITestResult)[pri:0, instance:testCases.LandingPageTestCases@167135c]" name="afterMethod" is-config="true" duration-ms="335" started-at="2016-10-19T18:11:59Z" finished-at="2016-10-19T18:11:59Z">
          <params>
            <param index="0">
              <value>
                <![CDATA[[TestResult name=verifyCaseStudiesLink status=SUCCESS method=LandingPageTestCases.verifyCaseStudiesLink()[pri:0, instance:testCases.LandingPageTestCases@167135c] output={null}]]]>
              </value>
            </param>
          </params>
          <reporter-output>
          </reporter-output>
        </test-method> <!-- afterMethod -->
        <test-method status="PASS" signature="openBrowser()[pri:0, instance:testCases.LandingPageTestCases@167135c]" name="openBrowser" is-config="true" duration-ms="10115" started-at="2016-10-19T18:11:59Z" finished-at="2016-10-19T18:12:09Z">
          <reporter-output>
          </reporter-output>
        </test-method> <!-- openBrowser -->
        <test-method status="PASS" signature="verifyCurriculumLink()[pri:0, instance:testCases.LandingPageTestCases@167135c]" name="verifyCurriculumLink" duration-ms="1808" started-at="2016-10-19T18:12:09Z" finished-at="2016-10-19T18:12:11Z">
          <reporter-output>
          </reporter-output>
        </test-method> <!-- verifyCurriculumLink -->
        <test-method status="PASS" signature="afterMethod(org.testng.ITestResult)[pri:0, instance:testCases.LandingPageTestCases@167135c]" name="afterMethod" is-config="true" duration-ms="174" started-at="2016-10-19T18:12:11Z" finished-at="2016-10-19T18:12:11Z">
          <params>
            <param index="0">
              <value>
                <![CDATA[[TestResult name=verifyCurriculumLink status=SUCCESS method=LandingPageTestCases.verifyCurriculumLink()[pri:0, instance:testCases.LandingPageTestCases@167135c] output={null}]]]>
              </value>
            </param>
          </params>
          <reporter-output>
          </reporter-output>
        </test-method> <!-- afterMethod -->
        <test-method status="PASS" signature="openBrowser()[pri:0, instance:testCases.LandingPageTestCases@167135c]" name="openBrowser" is-config="true" duration-ms="8907" started-at="2016-10-19T18:12:11Z" finished-at="2016-10-19T18:12:20Z">
          <reporter-output>
          </reporter-output>
        </test-method> <!-- openBrowser -->
        <test-method status="PASS" signature="verifyFeatureAndPlanLink()[pri:0, instance:testCases.LandingPageTestCases@167135c]" name="verifyFeatureAndPlanLink" duration-ms="999" started-at="2016-10-19T18:12:20Z" finished-at="2016-10-19T18:12:21Z">
          <reporter-output>
          </reporter-output>
        </test-method> <!-- verifyFeatureAndPlanLink -->
        <test-method status="PASS" signature="afterMethod(org.testng.ITestResult)[pri:0, instance:testCases.LandingPageTestCases@167135c]" name="afterMethod" is-config="true" duration-ms="132" started-at="2016-10-19T18:12:21Z" finished-at="2016-10-19T18:12:21Z">
          <params>
            <param index="0">
              <value>
                <![CDATA[[TestResult name=verifyFeatureAndPlanLink status=SUCCESS method=LandingPageTestCases.verifyFeatureAndPlanLink()[pri:0, instance:testCases.LandingPageTestCases@167135c] output={null}]]]>
              </value>
            </param>
          </params>
          <reporter-output>
          </reporter-output>
        </test-method> <!-- afterMethod -->
        <test-method status="PASS" signature="openBrowser()[pri:0, instance:testCases.LandingPageTestCases@167135c]" name="openBrowser" is-config="true" duration-ms="7671" started-at="2016-10-19T18:12:21Z" finished-at="2016-10-19T18:12:29Z">
          <reporter-output>
          </reporter-output>
        </test-method> <!-- openBrowser -->
        <test-method status="PASS" signature="verifyFreeGrade1MathAppLink()[pri:0, instance:testCases.LandingPageTestCases@167135c]" name="verifyFreeGrade1MathAppLink" duration-ms="6443" started-at="2016-10-19T18:12:29Z" finished-at="2016-10-19T18:12:36Z">
          <reporter-output>
          </reporter-output>
        </test-method> <!-- verifyFreeGrade1MathAppLink -->
        <test-method status="PASS" signature="afterMethod(org.testng.ITestResult)[pri:0, instance:testCases.LandingPageTestCases@167135c]" name="afterMethod" is-config="true" duration-ms="158" started-at="2016-10-19T18:12:36Z" finished-at="2016-10-19T18:12:36Z">
          <params>
            <param index="0">
              <value>
                <![CDATA[[TestResult name=verifyFreeGrade1MathAppLink status=SUCCESS method=LandingPageTestCases.verifyFreeGrade1MathAppLink()[pri:0, instance:testCases.LandingPageTestCases@167135c] output={null}]]]>
              </value>
            </param>
          </params>
          <reporter-output>
          </reporter-output>
        </test-method> <!-- afterMethod -->
        <test-method status="PASS" signature="openBrowser()[pri:0, instance:testCases.LandingPageTestCases@167135c]" name="openBrowser" is-config="true" duration-ms="8953" started-at="2016-10-19T18:12:36Z" finished-at="2016-10-19T18:12:45Z">
          <reporter-output>
          </reporter-output>
        </test-method> <!-- openBrowser -->
        <test-method status="PASS" signature="verifyFreeGrade2MathAppLink()[pri:0, instance:testCases.LandingPageTestCases@167135c]" name="verifyFreeGrade2MathAppLink" duration-ms="30534" started-at="2016-10-19T18:12:45Z" finished-at="2016-10-19T18:13:15Z">
          <reporter-output>
          </reporter-output>
        </test-method> <!-- verifyFreeGrade2MathAppLink -->
        <test-method status="PASS" signature="afterMethod(org.testng.ITestResult)[pri:0, instance:testCases.LandingPageTestCases@167135c]" name="afterMethod" is-config="true" duration-ms="249" started-at="2016-10-19T18:13:15Z" finished-at="2016-10-19T18:13:15Z">
          <params>
            <param index="0">
              <value>
                <![CDATA[[TestResult name=verifyFreeGrade2MathAppLink status=SUCCESS method=LandingPageTestCases.verifyFreeGrade2MathAppLink()[pri:0, instance:testCases.LandingPageTestCases@167135c] output={null}]]]>
              </value>
            </param>
          </params>
          <reporter-output>
          </reporter-output>
        </test-method> <!-- afterMethod -->
        <test-method status="PASS" signature="openBrowser()[pri:0, instance:testCases.LandingPageTestCases@167135c]" name="openBrowser" is-config="true" duration-ms="8996" started-at="2016-10-19T18:13:15Z" finished-at="2016-10-19T18:13:24Z">
          <reporter-output>
          </reporter-output>
        </test-method> <!-- openBrowser -->
        <test-method status="PASS" signature="verifyFreeGrade3MathAppLink()[pri:0, instance:testCases.LandingPageTestCases@167135c]" name="verifyFreeGrade3MathAppLink" duration-ms="18401" started-at="2016-10-19T18:13:24Z" finished-at="2016-10-19T18:13:43Z">
          <reporter-output>
          </reporter-output>
        </test-method> <!-- verifyFreeGrade3MathAppLink -->
        <test-method status="PASS" signature="afterMethod(org.testng.ITestResult)[pri:0, instance:testCases.LandingPageTestCases@167135c]" name="afterMethod" is-config="true" duration-ms="134" started-at="2016-10-19T18:13:43Z" finished-at="2016-10-19T18:13:43Z">
          <params>
            <param index="0">
              <value>
                <![CDATA[[TestResult name=verifyFreeGrade3MathAppLink status=SUCCESS method=LandingPageTestCases.verifyFreeGrade3MathAppLink()[pri:0, instance:testCases.LandingPageTestCases@167135c] output={null}]]]>
              </value>
            </param>
          </params>
          <reporter-output>
          </reporter-output>
        </test-method> <!-- afterMethod -->
        <test-method status="PASS" signature="openBrowser()[pri:0, instance:testCases.LandingPageTestCases@167135c]" name="openBrowser" is-config="true" duration-ms="10291" started-at="2016-10-19T18:13:43Z" finished-at="2016-10-19T18:13:53Z">
          <reporter-output>
          </reporter-output>
        </test-method> <!-- openBrowser -->
        <test-method status="PASS" signature="verifyFreeGrade4MathAppLink()[pri:0, instance:testCases.LandingPageTestCases@167135c]" name="verifyFreeGrade4MathAppLink" duration-ms="7670" started-at="2016-10-19T18:13:53Z" finished-at="2016-10-19T18:14:01Z">
          <reporter-output>
          </reporter-output>
        </test-method> <!-- verifyFreeGrade4MathAppLink -->
        <test-method status="PASS" signature="afterMethod(org.testng.ITestResult)[pri:0, instance:testCases.LandingPageTestCases@167135c]" name="afterMethod" is-config="true" duration-ms="191" started-at="2016-10-19T18:14:01Z" finished-at="2016-10-19T18:14:01Z">
          <params>
            <param index="0">
              <value>
                <![CDATA[[TestResult name=verifyFreeGrade4MathAppLink status=SUCCESS method=LandingPageTestCases.verifyFreeGrade4MathAppLink()[pri:0, instance:testCases.LandingPageTestCases@167135c] output={null}]]]>
              </value>
            </param>
          </params>
          <reporter-output>
          </reporter-output>
        </test-method> <!-- afterMethod -->
        <test-method status="PASS" signature="openBrowser()[pri:0, instance:testCases.LandingPageTestCases@167135c]" name="openBrowser" is-config="true" duration-ms="10265" started-at="2016-10-19T18:14:01Z" finished-at="2016-10-19T18:14:11Z">
          <reporter-output>
          </reporter-output>
        </test-method> <!-- openBrowser -->
        <test-method status="PASS" signature="verifyFreeGrade5MathAppLink()[pri:0, instance:testCases.LandingPageTestCases@167135c]" name="verifyFreeGrade5MathAppLink" duration-ms="70684" started-at="2016-10-19T18:14:11Z" finished-at="2016-10-19T18:15:22Z">
          <reporter-output>
          </reporter-output>
        </test-method> <!-- verifyFreeGrade5MathAppLink -->
        <test-method status="PASS" signature="afterMethod(org.testng.ITestResult)[pri:0, instance:testCases.LandingPageTestCases@167135c]" name="afterMethod" is-config="true" duration-ms="3845" started-at="2016-10-19T18:15:22Z" finished-at="2016-10-19T18:15:26Z">
          <params>
            <param index="0">
              <value>
                <![CDATA[[TestResult name=verifyFreeGrade5MathAppLink status=SUCCESS method=LandingPageTestCases.verifyFreeGrade5MathAppLink()[pri:0, instance:testCases.LandingPageTestCases@167135c] output={null}]]]>
              </value>
            </param>
          </params>
          <reporter-output>
          </reporter-output>
        </test-method> <!-- afterMethod -->
        <test-method status="PASS" signature="openBrowser()[pri:0, instance:testCases.LandingPageTestCases@167135c]" name="openBrowser" is-config="true" duration-ms="12355" started-at="2016-10-19T18:15:26Z" finished-at="2016-10-19T18:15:38Z">
          <reporter-output>
          </reporter-output>
        </test-method> <!-- openBrowser -->
        <test-method status="PASS" signature="verifyFreeKindergartenMathAppLink()[pri:0, instance:testCases.LandingPageTestCases@167135c]" name="verifyFreeKindergartenMathAppLink" duration-ms="63580" started-at="2016-10-19T18:15:38Z" finished-at="2016-10-19T18:16:42Z">
          <reporter-output>
          </reporter-output>
        </test-method> <!-- verifyFreeKindergartenMathAppLink -->
        <test-method status="PASS" signature="afterMethod(org.testng.ITestResult)[pri:0, instance:testCases.LandingPageTestCases@167135c]" name="afterMethod" is-config="true" duration-ms="2355" started-at="2016-10-19T18:16:42Z" finished-at="2016-10-19T18:16:44Z">
          <params>
            <param index="0">
              <value>
                <![CDATA[[TestResult name=verifyFreeKindergartenMathAppLink status=SUCCESS method=LandingPageTestCases.verifyFreeKindergartenMathAppLink()[pri:0, instance:testCases.LandingPageTestCases@167135c] output={null}]]]>
              </value>
            </param>
          </params>
          <reporter-output>
          </reporter-output>
        </test-method> <!-- afterMethod -->
        <test-method status="PASS" signature="openBrowser()[pri:0, instance:testCases.LandingPageTestCases@167135c]" name="openBrowser" is-config="true" duration-ms="9379" started-at="2016-10-19T18:16:44Z" finished-at="2016-10-19T18:16:54Z">
          <reporter-output>
          </reporter-output>
        </test-method> <!-- openBrowser -->
        <test-method status="PASS" signature="verifyGrade1MathAppLink()[pri:0, instance:testCases.LandingPageTestCases@167135c]" name="verifyGrade1MathAppLink" duration-ms="17781" started-at="2016-10-19T18:16:54Z" finished-at="2016-10-19T18:17:11Z">
          <reporter-output>
          </reporter-output>
        </test-method> <!-- verifyGrade1MathAppLink -->
        <test-method status="PASS" signature="afterMethod(org.testng.ITestResult)[pri:0, instance:testCases.LandingPageTestCases@167135c]" name="afterMethod" is-config="true" duration-ms="2153" started-at="2016-10-19T18:17:11Z" finished-at="2016-10-19T18:17:14Z">
          <params>
            <param index="0">
              <value>
                <![CDATA[[TestResult name=verifyGrade1MathAppLink status=SUCCESS method=LandingPageTestCases.verifyGrade1MathAppLink()[pri:0, instance:testCases.LandingPageTestCases@167135c] output={null}]]]>
              </value>
            </param>
          </params>
          <reporter-output>
          </reporter-output>
        </test-method> <!-- afterMethod -->
        <test-method status="PASS" signature="openBrowser()[pri:0, instance:testCases.LandingPageTestCases@167135c]" name="openBrowser" is-config="true" duration-ms="15877" started-at="2016-10-19T18:17:14Z" finished-at="2016-10-19T18:17:29Z">
          <reporter-output>
          </reporter-output>
        </test-method> <!-- openBrowser -->
        <test-method status="PASS" signature="verifyGrade2MathAppLink()[pri:0, instance:testCases.LandingPageTestCases@167135c]" name="verifyGrade2MathAppLink" duration-ms="4685" started-at="2016-10-19T18:17:29Z" finished-at="2016-10-19T18:17:34Z">
          <reporter-output>
          </reporter-output>
        </test-method> <!-- verifyGrade2MathAppLink -->
        <test-method status="PASS" signature="afterMethod(org.testng.ITestResult)[pri:0, instance:testCases.LandingPageTestCases@167135c]" name="afterMethod" is-config="true" duration-ms="2495" started-at="2016-10-19T18:17:34Z" finished-at="2016-10-19T18:17:37Z">
          <params>
            <param index="0">
              <value>
                <![CDATA[[TestResult name=verifyGrade2MathAppLink status=SUCCESS method=LandingPageTestCases.verifyGrade2MathAppLink()[pri:0, instance:testCases.LandingPageTestCases@167135c] output={null}]]]>
              </value>
            </param>
          </params>
          <reporter-output>
          </reporter-output>
        </test-method> <!-- afterMethod -->
        <test-method status="PASS" signature="openBrowser()[pri:0, instance:testCases.LandingPageTestCases@167135c]" name="openBrowser" is-config="true" duration-ms="8613" started-at="2016-10-19T18:17:37Z" finished-at="2016-10-19T18:17:45Z">
          <reporter-output>
          </reporter-output>
        </test-method> <!-- openBrowser -->
        <test-method status="PASS" signature="verifyGrade3MathAppLink()[pri:0, instance:testCases.LandingPageTestCases@167135c]" name="verifyGrade3MathAppLink" duration-ms="20354" started-at="2016-10-19T18:17:45Z" finished-at="2016-10-19T18:18:06Z">
          <reporter-output>
          </reporter-output>
        </test-method> <!-- verifyGrade3MathAppLink -->
        <test-method status="PASS" signature="afterMethod(org.testng.ITestResult)[pri:0, instance:testCases.LandingPageTestCases@167135c]" name="afterMethod" is-config="true" duration-ms="285" started-at="2016-10-19T18:18:06Z" finished-at="2016-10-19T18:18:06Z">
          <params>
            <param index="0">
              <value>
                <![CDATA[[TestResult name=verifyGrade3MathAppLink status=SUCCESS method=LandingPageTestCases.verifyGrade3MathAppLink()[pri:0, instance:testCases.LandingPageTestCases@167135c] output={null}]]]>
              </value>
            </param>
          </params>
          <reporter-output>
          </reporter-output>
        </test-method> <!-- afterMethod -->
        <test-method status="PASS" signature="openBrowser()[pri:0, instance:testCases.LandingPageTestCases@167135c]" name="openBrowser" is-config="true" duration-ms="13091" started-at="2016-10-19T18:18:06Z" finished-at="2016-10-19T18:18:19Z">
          <reporter-output>
          </reporter-output>
        </test-method> <!-- openBrowser -->
        <test-method status="PASS" signature="verifyGrade4MathAppLink()[pri:0, instance:testCases.LandingPageTestCases@167135c]" name="verifyGrade4MathAppLink" duration-ms="5221" started-at="2016-10-19T18:18:19Z" finished-at="2016-10-19T18:18:24Z">
          <reporter-output>
          </reporter-output>
        </test-method> <!-- verifyGrade4MathAppLink -->
        <test-method status="PASS" signature="afterMethod(org.testng.ITestResult)[pri:0, instance:testCases.LandingPageTestCases@167135c]" name="afterMethod" is-config="true" duration-ms="267" started-at="2016-10-19T18:18:24Z" finished-at="2016-10-19T18:18:24Z">
          <params>
            <param index="0">
              <value>
                <![CDATA[[TestResult name=verifyGrade4MathAppLink status=SUCCESS method=LandingPageTestCases.verifyGrade4MathAppLink()[pri:0, instance:testCases.LandingPageTestCases@167135c] output={null}]]]>
              </value>
            </param>
          </params>
          <reporter-output>
          </reporter-output>
        </test-method> <!-- afterMethod -->
        <test-method status="PASS" signature="openBrowser()[pri:0, instance:testCases.LandingPageTestCases@167135c]" name="openBrowser" is-config="true" duration-ms="10862" started-at="2016-10-19T18:18:24Z" finished-at="2016-10-19T18:18:35Z">
          <reporter-output>
          </reporter-output>
        </test-method> <!-- openBrowser -->
        <test-method status="PASS" signature="verifyGrade5MathAppLink()[pri:0, instance:testCases.LandingPageTestCases@167135c]" name="verifyGrade5MathAppLink" duration-ms="7774" started-at="2016-10-19T18:18:35Z" finished-at="2016-10-19T18:18:43Z">
          <reporter-output>
          </reporter-output>
        </test-method> <!-- verifyGrade5MathAppLink -->
        <test-method status="PASS" signature="afterMethod(org.testng.ITestResult)[pri:0, instance:testCases.LandingPageTestCases@167135c]" name="afterMethod" is-config="true" duration-ms="247" started-at="2016-10-19T18:18:43Z" finished-at="2016-10-19T18:18:43Z">
          <params>
            <param index="0">
              <value>
                <![CDATA[[TestResult name=verifyGrade5MathAppLink status=SUCCESS method=LandingPageTestCases.verifyGrade5MathAppLink()[pri:0, instance:testCases.LandingPageTestCases@167135c] output={null}]]]>
              </value>
            </param>
          </params>
          <reporter-output>
          </reporter-output>
        </test-method> <!-- afterMethod -->
        <test-method status="PASS" signature="openBrowser()[pri:0, instance:testCases.LandingPageTestCases@167135c]" name="openBrowser" is-config="true" duration-ms="13823" started-at="2016-10-19T18:18:43Z" finished-at="2016-10-19T18:18:57Z">
          <reporter-output>
          </reporter-output>
        </test-method> <!-- openBrowser -->
        <test-method status="PASS" signature="verifyKinderGartenMathAppLink()[pri:0, instance:testCases.LandingPageTestCases@167135c]" name="verifyKinderGartenMathAppLink" duration-ms="15561" started-at="2016-10-19T18:18:57Z" finished-at="2016-10-19T18:19:13Z">
          <reporter-output>
          </reporter-output>
        </test-method> <!-- verifyKinderGartenMathAppLink -->
        <test-method status="PASS" signature="afterMethod(org.testng.ITestResult)[pri:0, instance:testCases.LandingPageTestCases@167135c]" name="afterMethod" is-config="true" duration-ms="2199" started-at="2016-10-19T18:19:13Z" finished-at="2016-10-19T18:19:15Z">
          <params>
            <param index="0">
              <value>
                <![CDATA[[TestResult name=verifyKinderGartenMathAppLink status=SUCCESS method=LandingPageTestCases.verifyKinderGartenMathAppLink()[pri:0, instance:testCases.LandingPageTestCases@167135c] output={null}]]]>
              </value>
            </param>
          </params>
          <reporter-output>
          </reporter-output>
        </test-method> <!-- afterMethod -->
        <test-method status="PASS" signature="openBrowser()[pri:0, instance:testCases.LandingPageTestCases@167135c]" name="openBrowser" is-config="true" duration-ms="16658" started-at="2016-10-19T18:19:15Z" finished-at="2016-10-19T18:19:32Z">
          <reporter-output>
          </reporter-output>
        </test-method> <!-- openBrowser -->
        <test-method status="PASS" signature="verifyParentSignUpButton()[pri:0, instance:testCases.LandingPageTestCases@167135c]" name="verifyParentSignUpButton" duration-ms="1527" started-at="2016-10-19T18:19:32Z" finished-at="2016-10-19T18:19:33Z">
          <reporter-output>
          </reporter-output>
        </test-method> <!-- verifyParentSignUpButton -->
        <test-method status="PASS" signature="afterMethod(org.testng.ITestResult)[pri:0, instance:testCases.LandingPageTestCases@167135c]" name="afterMethod" is-config="true" duration-ms="226" started-at="2016-10-19T18:19:33Z" finished-at="2016-10-19T18:19:33Z">
          <params>
            <param index="0">
              <value>
                <![CDATA[[TestResult name=verifyParentSignUpButton status=SUCCESS method=LandingPageTestCases.verifyParentSignUpButton()[pri:0, instance:testCases.LandingPageTestCases@167135c] output={null}]]]>
              </value>
            </param>
          </params>
          <reporter-output>
          </reporter-output>
        </test-method> <!-- afterMethod -->
        <test-method status="PASS" signature="openBrowser()[pri:0, instance:testCases.LandingPageTestCases@167135c]" name="openBrowser" is-config="true" duration-ms="14262" started-at="2016-10-19T18:19:33Z" finished-at="2016-10-19T18:19:48Z">
          <reporter-output>
          </reporter-output>
        </test-method> <!-- openBrowser -->
        <test-method status="PASS" signature="verifyPremiumSplashmathAppLink()[pri:0, instance:testCases.LandingPageTestCases@167135c]" name="verifyPremiumSplashmathAppLink" duration-ms="6625" started-at="2016-10-19T18:19:48Z" finished-at="2016-10-19T18:19:54Z">
          <reporter-output>
          </reporter-output>
        </test-method> <!-- verifyPremiumSplashmathAppLink -->
        <test-method status="PASS" signature="afterMethod(org.testng.ITestResult)[pri:0, instance:testCases.LandingPageTestCases@167135c]" name="afterMethod" is-config="true" duration-ms="253" started-at="2016-10-19T18:19:54Z" finished-at="2016-10-19T18:19:54Z">
          <params>
            <param index="0">
              <value>
                <![CDATA[[TestResult name=verifyPremiumSplashmathAppLink status=SUCCESS method=LandingPageTestCases.verifyPremiumSplashmathAppLink()[pri:0, instance:testCases.LandingPageTestCases@167135c] output={null}]]]>
              </value>
            </param>
          </params>
          <reporter-output>
          </reporter-output>
        </test-method> <!-- afterMethod -->
        <test-method status="PASS" signature="openBrowser()[pri:0, instance:testCases.LandingPageTestCases@167135c]" name="openBrowser" is-config="true" duration-ms="14545" started-at="2016-10-19T18:19:54Z" finished-at="2016-10-19T18:20:09Z">
          <reporter-output>
          </reporter-output>
        </test-method> <!-- openBrowser -->
        <test-method status="PASS" signature="verifySignInLink()[pri:0, instance:testCases.LandingPageTestCases@167135c]" name="verifySignInLink" duration-ms="1755" started-at="2016-10-19T18:20:09Z" finished-at="2016-10-19T18:20:11Z">
          <reporter-output>
          </reporter-output>
        </test-method> <!-- verifySignInLink -->
        <test-method status="PASS" signature="afterMethod(org.testng.ITestResult)[pri:0, instance:testCases.LandingPageTestCases@167135c]" name="afterMethod" is-config="true" duration-ms="152" started-at="2016-10-19T18:20:11Z" finished-at="2016-10-19T18:20:11Z">
          <params>
            <param index="0">
              <value>
                <![CDATA[[TestResult name=verifySignInLink status=SUCCESS method=LandingPageTestCases.verifySignInLink()[pri:0, instance:testCases.LandingPageTestCases@167135c] output={null}]]]>
              </value>
            </param>
          </params>
          <reporter-output>
          </reporter-output>
        </test-method> <!-- afterMethod -->
        <test-method status="PASS" signature="openBrowser()[pri:0, instance:testCases.LandingPageTestCases@167135c]" name="openBrowser" is-config="true" duration-ms="13415" started-at="2016-10-19T18:20:11Z" finished-at="2016-10-19T18:20:24Z">
          <reporter-output>
          </reporter-output>
        </test-method> <!-- openBrowser -->
        <test-method status="PASS" signature="verifyTeacherSignUpButton()[pri:0, instance:testCases.LandingPageTestCases@167135c]" name="verifyTeacherSignUpButton" duration-ms="3151" started-at="2016-10-19T18:20:24Z" finished-at="2016-10-19T18:20:27Z">
          <reporter-output>
          </reporter-output>
        </test-method> <!-- verifyTeacherSignUpButton -->
        <test-method status="PASS" signature="afterMethod(org.testng.ITestResult)[pri:0, instance:testCases.LandingPageTestCases@167135c]" name="afterMethod" is-config="true" duration-ms="2368" started-at="2016-10-19T18:20:27Z" finished-at="2016-10-19T18:20:30Z">
          <params>
            <param index="0">
              <value>
                <![CDATA[[TestResult name=verifyTeacherSignUpButton status=SUCCESS method=LandingPageTestCases.verifyTeacherSignUpButton()[pri:0, instance:testCases.LandingPageTestCases@167135c] output={null}]]]>
              </value>
            </param>
          </params>
          <reporter-output>
          </reporter-output>
        </test-method> <!-- afterMethod -->
        <test-method status="PASS" signature="afterSuite()[pri:0, instance:testCases.LandingPageTestCases@167135c]" name="afterSuite" is-config="true" duration-ms="0" started-at="2016-10-19T18:20:30Z" finished-at="2016-10-19T18:20:30Z">
          <reporter-output>
          </reporter-output>
        </test-method> <!-- afterSuite -->
      </class> <!-- testCases.LandingPageTestCases -->
    </test> <!-- Test -->
  </suite> <!-- Suite -->
</testng-results>
